2023-07-27 11:28:09.0854 | DEBUG |  -  |  # init main #  
2023-07-27 11:28:13.4939 | ERROR |  -  |  # Stopped program because of exception # 
 EXCEPTION OCCURRED:RabbitMQ.Client.Exceptions.BrokerUnreachableException: None of the specified endpoints were reachable
 ---> System.AggregateException: One or more errors occurred. (Connection failed)
 ---> RabbitMQ.Client.Exceptions.ConnectFailureException: Connection failed
 ---> System.Net.Internals.SocketExceptionFactory+ExtendedSocketException (10061): No connection could be made because the target machine actively refused it. 127.0.0.1:5672
   at System.Runtime.ExceptionServices.ExceptionDispatchInfo.Throw(Exception source)
   at System.Net.Sockets.Socket.EndConnect(IAsyncResult asyncResult)
   at System.Net.Sockets.Socket.<>c.<ConnectAsync>b__275_0(IAsyncResult iar)
--- End of stack trace from previous location where exception was thrown ---
   at RabbitMQ.Client.Impl.TcpClientAdapter.ConnectAsync(String host, Int32 port)
   at RabbitMQ.Client.Impl.TaskExtensions.TimeoutAfter(Task task, TimeSpan timeout)
   at RabbitMQ.Client.Impl.SocketFrameHandler.ConnectOrFail(ITcpClient socket, AmqpTcpEndpoint endpoint, TimeSpan timeout)
   --- End of inner exception stack trace ---
   at RabbitMQ.Client.Impl.SocketFrameHandler.ConnectOrFail(ITcpClient socket, AmqpTcpEndpoint endpoint, TimeSpan timeout)
   at RabbitMQ.Client.Impl.SocketFrameHandler.ConnectUsingAddressFamily(AmqpTcpEndpoint endpoint, Func`2 socketFactory, TimeSpan timeout, AddressFamily family)
   at RabbitMQ.Client.Impl.SocketFrameHandler.ConnectUsingIPv4(AmqpTcpEndpoint endpoint, Func`2 socketFactory, TimeSpan timeout)
   at RabbitMQ.Client.Impl.SocketFrameHandler..ctor(AmqpTcpEndpoint endpoint, Func`2 socketFactory, TimeSpan connectionTimeout, TimeSpan readTimeout, TimeSpan writeTimeout)
   at RabbitMQ.Client.Framing.Impl.IProtocolExtensions.CreateFrameHandler(IProtocol protocol, AmqpTcpEndpoint endpoint, Func`2 socketFactory, TimeSpan connectionTimeout, TimeSpan readTimeout, TimeSpan writeTimeout)
   at RabbitMQ.Client.ConnectionFactory.CreateFrameHandler(AmqpTcpEndpoint endpoint)
   at RabbitMQ.Client.EndpointResolverExtensions.SelectOne[T](IEndpointResolver resolver, Func`2 selector)
   --- End of inner exception stack trace ---
   at RabbitMQ.Client.EndpointResolverExtensions.SelectOne[T](IEndpointResolver resolver, Func`2 selector)
   at RabbitMQ.Client.Framing.Impl.AutorecoveringConnection.Init(IEndpointResolver endpoints)
   at RabbitMQ.Client.ConnectionFactory.CreateConnection(IEndpointResolver endpointResolver, String clientProvidedName)
   --- End of inner exception stack trace ---
   at RabbitMQ.Client.ConnectionFactory.CreateConnection(IEndpointResolver endpointResolver, String clientProvidedName)
   at RabbitMQ.Client.ConnectionFactory.CreateConnection(String clientProvidedName)
   at RabbitMQ.Client.ConnectionFactory.CreateConnection()
   at Plain.RabbitMQ.ConnectionProvider..ctor(String url)
   at RestaurantReservation.Api.Startup.ConfigureServices(IServiceCollection services) in C:\Users\RADURGA\source\repos\Restaurant-Reservation-Website-master\RestaurantReservation.Backend\RestaurantReservation.Api\Startup.cs:line 115
   at System.RuntimeMethodHandle.InvokeMethod(Object target, Object[] arguments, Signature sig, Boolean constructor, Boolean wrapExceptions)
   at System.Reflection.RuntimeMethodInfo.Invoke(Object obj, BindingFlags invokeAttr, Binder binder, Object[] parameters, CultureInfo culture)
   at Microsoft.AspNetCore.Hosting.ConfigureServicesBuilder.InvokeCore(Object instance, IServiceCollection services)
   at Microsoft.AspNetCore.Hosting.ConfigureServicesBuilder.<>c__DisplayClass9_0.<Invoke>g__Startup|0(IServiceCollection serviceCollection)
   at Microsoft.AspNetCore.Hosting.ConfigureServicesBuilder.Invoke(Object instance, IServiceCollection services)
   at Microsoft.AspNetCore.Hosting.ConfigureServicesBuilder.<>c__DisplayClass8_0.<Build>b__0(IServiceCollection services)
   at Microsoft.AspNetCore.Hosting.GenericWebHostBuilder.UseStartup(Type startupType, HostBuilderContext context, IServiceCollection services)
   at Microsoft.AspNetCore.Hosting.GenericWebHostBuilder.<>c__DisplayClass12_0.<UseStartup>b__0(HostBuilderContext context, IServiceCollection services)
   at Microsoft.Extensions.Hosting.HostBuilder.CreateServiceProvider()
   at Microsoft.Extensions.Hosting.HostBuilder.Build()
   at RestaurantReservation.Api.Program.Main(String[] args) in C:\Users\RADURGA\source\repos\Restaurant-Reservation-Website-master\RestaurantReservation.Backend\RestaurantReservation.Api\Program.cs:line 22
2023-07-27 11:29:33.1235 | DEBUG |  -  |  # init main #  
2023-07-27 11:29:37.3651 | ERROR |  -  |  # Stopped program because of exception # 
 EXCEPTION OCCURRED:RabbitMQ.Client.Exceptions.BrokerUnreachableException: None of the specified endpoints were reachable
 ---> System.AggregateException: One or more errors occurred. (Connection failed)
 ---> RabbitMQ.Client.Exceptions.ConnectFailureException: Connection failed
 ---> System.Net.Internals.SocketExceptionFactory+ExtendedSocketException (10061): No connection could be made because the target machine actively refused it. 127.0.0.1:5672
   at System.Runtime.ExceptionServices.ExceptionDispatchInfo.Throw(Exception source)
   at System.Net.Sockets.Socket.EndConnect(IAsyncResult asyncResult)
   at System.Net.Sockets.Socket.<>c.<ConnectAsync>b__275_0(IAsyncResult iar)
--- End of stack trace from previous location where exception was thrown ---
   at RabbitMQ.Client.Impl.TcpClientAdapter.ConnectAsync(String host, Int32 port)
   at RabbitMQ.Client.Impl.TaskExtensions.TimeoutAfter(Task task, TimeSpan timeout)
   at RabbitMQ.Client.Impl.SocketFrameHandler.ConnectOrFail(ITcpClient socket, AmqpTcpEndpoint endpoint, TimeSpan timeout)
   --- End of inner exception stack trace ---
   at RabbitMQ.Client.Impl.SocketFrameHandler.ConnectOrFail(ITcpClient socket, AmqpTcpEndpoint endpoint, TimeSpan timeout)
   at RabbitMQ.Client.Impl.SocketFrameHandler.ConnectUsingAddressFamily(AmqpTcpEndpoint endpoint, Func`2 socketFactory, TimeSpan timeout, AddressFamily family)
   at RabbitMQ.Client.Impl.SocketFrameHandler.ConnectUsingIPv4(AmqpTcpEndpoint endpoint, Func`2 socketFactory, TimeSpan timeout)
   at RabbitMQ.Client.Impl.SocketFrameHandler..ctor(AmqpTcpEndpoint endpoint, Func`2 socketFactory, TimeSpan connectionTimeout, TimeSpan readTimeout, TimeSpan writeTimeout)
   at RabbitMQ.Client.Framing.Impl.IProtocolExtensions.CreateFrameHandler(IProtocol protocol, AmqpTcpEndpoint endpoint, Func`2 socketFactory, TimeSpan connectionTimeout, TimeSpan readTimeout, TimeSpan writeTimeout)
   at RabbitMQ.Client.ConnectionFactory.CreateFrameHandler(AmqpTcpEndpoint endpoint)
   at RabbitMQ.Client.EndpointResolverExtensions.SelectOne[T](IEndpointResolver resolver, Func`2 selector)
   --- End of inner exception stack trace ---
   at RabbitMQ.Client.EndpointResolverExtensions.SelectOne[T](IEndpointResolver resolver, Func`2 selector)
   at RabbitMQ.Client.Framing.Impl.AutorecoveringConnection.Init(IEndpointResolver endpoints)
   at RabbitMQ.Client.ConnectionFactory.CreateConnection(IEndpointResolver endpointResolver, String clientProvidedName)
   --- End of inner exception stack trace ---
   at RabbitMQ.Client.ConnectionFactory.CreateConnection(IEndpointResolver endpointResolver, String clientProvidedName)
   at RabbitMQ.Client.ConnectionFactory.CreateConnection(String clientProvidedName)
   at RabbitMQ.Client.ConnectionFactory.CreateConnection()
   at Plain.RabbitMQ.ConnectionProvider..ctor(String url)
   at RestaurantReservation.Api.Startup.ConfigureServices(IServiceCollection services) in C:\Users\RADURGA\source\repos\Restaurant-Reservation-Website-master\RestaurantReservation.Backend\RestaurantReservation.Api\Startup.cs:line 115
   at System.RuntimeMethodHandle.InvokeMethod(Object target, Object[] arguments, Signature sig, Boolean constructor, Boolean wrapExceptions)
   at System.Reflection.RuntimeMethodInfo.Invoke(Object obj, BindingFlags invokeAttr, Binder binder, Object[] parameters, CultureInfo culture)
   at Microsoft.AspNetCore.Hosting.ConfigureServicesBuilder.InvokeCore(Object instance, IServiceCollection services)
   at Microsoft.AspNetCore.Hosting.ConfigureServicesBuilder.<>c__DisplayClass9_0.<Invoke>g__Startup|0(IServiceCollection serviceCollection)
   at Microsoft.AspNetCore.Hosting.ConfigureServicesBuilder.Invoke(Object instance, IServiceCollection services)
   at Microsoft.AspNetCore.Hosting.ConfigureServicesBuilder.<>c__DisplayClass8_0.<Build>b__0(IServiceCollection services)
   at Microsoft.AspNetCore.Hosting.GenericWebHostBuilder.UseStartup(Type startupType, HostBuilderContext context, IServiceCollection services)
   at Microsoft.AspNetCore.Hosting.GenericWebHostBuilder.<>c__DisplayClass12_0.<UseStartup>b__0(HostBuilderContext context, IServiceCollection services)
   at Microsoft.Extensions.Hosting.HostBuilder.CreateServiceProvider()
   at Microsoft.Extensions.Hosting.HostBuilder.Build()
   at RestaurantReservation.Api.Program.Main(String[] args) in C:\Users\RADURGA\source\repos\Restaurant-Reservation-Website-master\RestaurantReservation.Backend\RestaurantReservation.Api\Program.cs:line 22
2023-07-27 11:36:28.3528 | DEBUG |  -  |  # init main #  
2023-07-27 11:36:32.6405 | ERROR |  -  |  # Stopped program because of exception # 
 EXCEPTION OCCURRED:RabbitMQ.Client.Exceptions.BrokerUnreachableException: None of the specified endpoints were reachable
 ---> System.AggregateException: One or more errors occurred. (Connection failed)
 ---> RabbitMQ.Client.Exceptions.ConnectFailureException: Connection failed
 ---> System.Net.Internals.SocketExceptionFactory+ExtendedSocketException (10061): No connection could be made because the target machine actively refused it. 127.0.0.1:5672
   at System.Runtime.ExceptionServices.ExceptionDispatchInfo.Throw(Exception source)
   at System.Net.Sockets.Socket.EndConnect(IAsyncResult asyncResult)
   at System.Net.Sockets.Socket.<>c.<ConnectAsync>b__275_0(IAsyncResult iar)
--- End of stack trace from previous location where exception was thrown ---
   at RabbitMQ.Client.Impl.TcpClientAdapter.ConnectAsync(String host, Int32 port)
   at RabbitMQ.Client.Impl.TaskExtensions.TimeoutAfter(Task task, TimeSpan timeout)
   at RabbitMQ.Client.Impl.SocketFrameHandler.ConnectOrFail(ITcpClient socket, AmqpTcpEndpoint endpoint, TimeSpan timeout)
   --- End of inner exception stack trace ---
   at RabbitMQ.Client.Impl.SocketFrameHandler.ConnectOrFail(ITcpClient socket, AmqpTcpEndpoint endpoint, TimeSpan timeout)
   at RabbitMQ.Client.Impl.SocketFrameHandler.ConnectUsingAddressFamily(AmqpTcpEndpoint endpoint, Func`2 socketFactory, TimeSpan timeout, AddressFamily family)
   at RabbitMQ.Client.Impl.SocketFrameHandler.ConnectUsingIPv4(AmqpTcpEndpoint endpoint, Func`2 socketFactory, TimeSpan timeout)
   at RabbitMQ.Client.Impl.SocketFrameHandler..ctor(AmqpTcpEndpoint endpoint, Func`2 socketFactory, TimeSpan connectionTimeout, TimeSpan readTimeout, TimeSpan writeTimeout)
   at RabbitMQ.Client.Framing.Impl.IProtocolExtensions.CreateFrameHandler(IProtocol protocol, AmqpTcpEndpoint endpoint, Func`2 socketFactory, TimeSpan connectionTimeout, TimeSpan readTimeout, TimeSpan writeTimeout)
   at RabbitMQ.Client.ConnectionFactory.CreateFrameHandler(AmqpTcpEndpoint endpoint)
   at RabbitMQ.Client.EndpointResolverExtensions.SelectOne[T](IEndpointResolver resolver, Func`2 selector)
   --- End of inner exception stack trace ---
   at RabbitMQ.Client.EndpointResolverExtensions.SelectOne[T](IEndpointResolver resolver, Func`2 selector)
   at RabbitMQ.Client.Framing.Impl.AutorecoveringConnection.Init(IEndpointResolver endpoints)
   at RabbitMQ.Client.ConnectionFactory.CreateConnection(IEndpointResolver endpointResolver, String clientProvidedName)
   --- End of inner exception stack trace ---
   at RabbitMQ.Client.ConnectionFactory.CreateConnection(IEndpointResolver endpointResolver, String clientProvidedName)
   at RabbitMQ.Client.ConnectionFactory.CreateConnection(String clientProvidedName)
   at RabbitMQ.Client.ConnectionFactory.CreateConnection()
   at Plain.RabbitMQ.ConnectionProvider..ctor(String url)
   at RestaurantReservation.Api.Startup.ConfigureServices(IServiceCollection services) in C:\Users\RADURGA\source\repos\Restaurant-Reservation-Website-master\RestaurantReservation.Backend\RestaurantReservation.Api\Startup.cs:line 115
   at System.RuntimeMethodHandle.InvokeMethod(Object target, Object[] arguments, Signature sig, Boolean constructor, Boolean wrapExceptions)
   at System.Reflection.RuntimeMethodInfo.Invoke(Object obj, BindingFlags invokeAttr, Binder binder, Object[] parameters, CultureInfo culture)
   at Microsoft.AspNetCore.Hosting.ConfigureServicesBuilder.InvokeCore(Object instance, IServiceCollection services)
   at Microsoft.AspNetCore.Hosting.ConfigureServicesBuilder.<>c__DisplayClass9_0.<Invoke>g__Startup|0(IServiceCollection serviceCollection)
   at Microsoft.AspNetCore.Hosting.ConfigureServicesBuilder.Invoke(Object instance, IServiceCollection services)
   at Microsoft.AspNetCore.Hosting.ConfigureServicesBuilder.<>c__DisplayClass8_0.<Build>b__0(IServiceCollection services)
   at Microsoft.AspNetCore.Hosting.GenericWebHostBuilder.UseStartup(Type startupType, HostBuilderContext context, IServiceCollection services)
   at Microsoft.AspNetCore.Hosting.GenericWebHostBuilder.<>c__DisplayClass12_0.<UseStartup>b__0(HostBuilderContext context, IServiceCollection services)
   at Microsoft.Extensions.Hosting.HostBuilder.CreateServiceProvider()
   at Microsoft.Extensions.Hosting.HostBuilder.Build()
   at RestaurantReservation.Api.Program.Main(String[] args) in C:\Users\RADURGA\source\repos\Restaurant-Reservation-Website-master\RestaurantReservation.Backend\RestaurantReservation.Api\Program.cs:line 22
